<?xml version="1.0" encoding="UTF-8"?>
<!-- Generated by org.testng.reporters.JUnitXMLReporter -->
<testsuite hostname="DESKTOP-JTH" failures="0" tests="1" name="Test" time="0.032" errors="0" timestamp="25 Oct 2020 12:11:02 GMT">
  <testcase classname="com.todos.tests.AddTodoTest" name="@BeforeMethod setupTest" time="0.0">
    <failure type="org.testng.TestNGException" message="
Parameter &amp;apos;browser&amp;apos; is required by @Configuration on method setupTest but has not been marked @Optional or defined
in C:\Users\Jth\eclipse-workspace\framework-selenium-testNG\testngRunner.xml">
      <![CDATA[org.testng.TestNGException: 
Parameter 'browser' is required by @Configuration on method setupTest but has not been marked @Optional or defined
in C:\Users\Jth\eclipse-workspace\framework-selenium-testNG\testngRunner.xml
... Removed 23 stack frames]]>
    </failure>
  </testcase> <!-- @BeforeMethod setupTest -->
  <testcase classname="com.todos.tests.AddTodoTest" name="@AfterMethod cleanTest" time="0.0">
    <skipped/>
  </testcase> <!-- @AfterMethod cleanTest -->
  <testcase classname="com.todos.tests.AddTodoTest" name="iCanAddTodo" time="0.006">
    <skipped/>
  </testcase> <!-- iCanAddTodo -->
</testsuite> <!-- Test -->
